2023-08-06 08:20:35.379997 - Initialized conversion of CBT903
2023-08-06 08:20:35.510334 - Received CBT.V505.FILE903.PDS from FILE903.XMI 
2023-08-06 08:20:35.512405 - Found $$$#DATE.txt (text/plain) in CBT.V505.FILE903.PDS, moved to PDS/$$$#DATE
2023-08-06 08:20:35.513403 - Found $FMTDOC.txt (text/plain) in CBT.V505.FILE903.PDS, moved to PDS/$FMTDOC
2023-08-06 08:20:35.514305 - Found $INDEX.txt (text/plain) in CBT.V505.FILE903.PDS, moved to PDS/$INDEX
2023-08-06 08:20:35.515180 - Found @FILE903.txt (text/plain) in CBT.V505.FILE903.PDS, moved to PDS/@FILE903
2023-08-06 08:20:35.516083 - Found EYEC.txt (text/plain) in CBT.V505.FILE903.PDS, moved to PDS/EYEC
2023-08-06 08:20:35.516970 - Found FMT$ASM.jcl (text/plain) in CBT.V505.FILE903.PDS, moved to PDS/FMT$ASM
2023-08-06 08:20:35.517869 - Found FMT$INST.jcl (text/plain) in CBT.V505.FILE903.PDS, moved to PDS/FMT$INST
2023-08-06 08:20:35.518728 - Found FMT$IVP.jcl (text/plain) in CBT.V505.FILE903.PDS, moved to PDS/FMT$IVP
2023-08-06 08:20:35.519587 - Found FMTIVP.txt (text/plain) in CBT.V505.FILE903.PDS, moved to PDS/FMTIVP
2023-08-06 08:20:35.520385 - Found FMTIVPD.txt (text/plain) in CBT.V505.FILE903.PDS, moved to PDS/FMTIVPD
2023-08-06 08:20:35.521204 - Found IFMTFILL.txt (text/plain) in CBT.V505.FILE903.PDS, moved to PDS/IFMTFILL
2023-08-06 08:20:35.522078 - Found IFMTFLPT.txt (text/plain) in CBT.V505.FILE903.PDS, moved to PDS/IFMTFLPT
2023-08-06 08:20:35.522942 - Found IFMTHEX.txt (text/plain) in CBT.V505.FILE903.PDS, moved to PDS/IFMTHEX
2023-08-06 08:20:35.523803 - Found IFMTLJST.txt (text/plain) in CBT.V505.FILE903.PDS, moved to PDS/IFMTLJST
2023-08-06 08:20:35.524657 - Found IFMTMASK.txt (text/plain) in CBT.V505.FILE903.PDS, moved to PDS/IFMTMASK
2023-08-06 08:20:35.525542 - Found IFMTNIB.txt (text/plain) in CBT.V505.FILE903.PDS, moved to PDS/IFMTNIB
2023-08-06 08:20:35.526415 - Found OFMTHEX.txt (text/plain) in CBT.V505.FILE903.PDS, moved to PDS/OFMTHEX
2023-08-06 08:20:35.527277 - Found OFMTMONY.txt (text/plain) in CBT.V505.FILE903.PDS, moved to PDS/OFMTMONY
